<?xml version="1.0" encoding="UTF-8"?>
<!-- Generated by org.testng.reporters.JUnitReportReporter -->
<testsuite skipped="1" hostname="DESKTOP-2H090BD" name="guru99Site.ExcelTest" tests="1" failures="0" timestamp="27 Jun 2019 16:17:08 GMT" time="0.000" errors="0">
  <testcase name="setdata" time="0.000" classname="guru99Site.ExcelTest">
    <skipped/>
  </testcase> <!-- setdata -->
</testsuite> <!-- guru99Site.ExcelTest -->
