<?xml version="1.0" encoding="UTF-8"?>
<!-- Generated by org.testng.reporters.JUnitReportReporter -->
<testsuite skipped="0" hostname="DESKTOP-2H090BD" name="practices.Assign_Test" tests="2" failures="0" timestamp="08 Jun 2019 09:03:27 GMT" time="25.865" errors="0">
  <testcase name="tescase1" time="18.383" classname="practices.Assign_Test"/>
  <testcase name="Testcase2" time="7.482" classname="practices.Assign_Test"/>
</testsuite> <!-- practices.Assign_Test -->
