<?xml version="1.0" encoding="UTF-8"?>
<!-- Generated by org.testng.reporters.JUnitReportReporter -->
<testsuite skipped="0" hostname="DESKTOP-2H090BD" name="practices.Guru_Test" tests="1" failures="0" timestamp="05 Jun 2019 10:26:24 GMT" time="0.012" errors="0">
  <testcase name="inilialize" time="0.012" classname="practices.Guru_Test"/>
</testsuite> <!-- practices.Guru_Test -->
