<?xml version="1.0" encoding="UTF-8"?>
<!-- Generated by org.testng.reporters.JUnitReportReporter -->
<testsuite skipped="0" hostname="PRAGATI-G01" name="testNG.testcases" tests="1" failures="0" timestamp="15 Feb 2019 06:58:45 GMT" time="0.010" errors="0">
  <testcase name="testcase1" time="0.010" classname="testNG.testcases"/>
</testsuite> <!-- testNG.testcases -->
